<?xml version="1.0" encoding="UTF-8"?>
<!-- Generated by org.testng.reporters.JUnitXMLReporter -->
<testsuite ignored="1" hostname="LAPTOP-OB76D41L" failures="0" tests="5" name="Test1" time="0.064" errors="0" timestamp="2022-07-30T11:10:57 EDT">
  <testcase classname="seleniuminterviewpractice.NewTest1" name="test1" time="0.006"/>
  <testcase classname="seleniuminterviewpractice.NewTest1" name="test2" time="0.001"/>
  <testcase classname="seleniuminterviewpractice.NewTest2" name="test4" time="0.001"/>
  <testcase classname="seleniuminterviewpractice.NewTest2" name="test5" time="0.005"/>
  <testcase classname="seleniuminterviewpractice.NewTest2" name="test6" time="0.001"/>
  <testcase classname="seleniuminterviewpractice.NewTest1" name="test3" time="0.0">
    <ignored/>
  </testcase> <!-- test3 -->
</testsuite> <!-- Test1 -->
