<?xml version="1.0" encoding="UTF-8"?>
<testng-results ignored="0" total="1" passed="1" failed="0" skipped="0">
  <reporter-output>
  </reporter-output>
  <suite started-at="2022-07-30T15:01:04 EDT" name="Default suite" finished-at="2022-07-30T15:01:04 EDT" duration-ms="70">
    <groups>
    </groups>
    <test started-at="2022-07-30T15:01:04 EDT" name="Default test" finished-at="2022-07-30T15:01:04 EDT" duration-ms="70">
      <class name="seleniuminterviewpractice.NewTestLogger">
        <test-method signature="m1()[pri:0, instance:seleniuminterviewpractice.NewTestLogger@3050ac2f]" started-at="2022-07-30T15:01:04 EDT" name="m1" finished-at="2022-07-30T15:01:04 EDT" duration-ms="11" status="PASS">
          <reporter-output>
          </reporter-output>
        </test-method> <!-- m1 -->
      </class> <!-- seleniuminterviewpractice.NewTestLogger -->
    </test> <!-- Default test -->
  </suite> <!-- Default suite -->
</testng-results>
